Using pre-set license
Built from '2020.3/staging' branch; Version is '2020.3.0f1 (c7b5465681fb) revision 13088070'; Using compiler version '192528614'; Build Type 'Release'
OS: 'Windows 10 Enterprise; OS build 22631.4460; Version 2009; 64bit' Language: 'en' Physical Memory: 32537 MB
BatchMode: 1, IsHumanControllingUs: 0, StartBugReporterOnCrash: 0, Is64bit: 1, IsPro: 0

 COMMAND LINE ARGUMENTS:
C:\Program Files\Unity\Editor\Unity.exe
-adb2
-batchMode
-noUpm
-name
AssetImportWorker0
-projectPath
C:/Users/FireyEcho/Documents/Unity Projects/John-Lemon
-logFile
Logs/AssetImportWorker0.log
-srvPort
60448
Successfully changed project path to: C:/Users/FireyEcho/Documents/Unity Projects/John-Lemon
C:/Users/FireyEcho/Documents/Unity Projects/John-Lemon
Using Asset Import Pipeline V2.
Refreshing native plugins compatible for Editor in 38.82 ms, found 3 plugins.
Preloading 0 native plugins for Editor in 0.00 ms.
Initialize engine version: 2020.3.0f1 (c7b5465681fb)
[Subsystems] Discovering subsystems at path C:/Program Files/Unity/Editor/Data/Resources/UnitySubsystems
[Subsystems] Discovering subsystems at path C:/Users/FireyEcho/Documents/Unity Projects/John-Lemon/Assets
GfxDevice: creating device client; threaded=0
Direct3D:
    Version:  Direct3D 11.0 [level 11.1]
    Renderer: NVIDIA GeForce RTX 4090 (ID=0x2684)
    Vendor:   
    VRAM:     24142 MB
    Driver:   32.0.15.6614
Initialize mono
Mono path[0] = 'C:/Program Files/Unity/Editor/Data/Managed'
Mono path[1] = 'C:/Program Files/Unity/Editor/Data/MonoBleedingEdge/lib/mono/unityjit'
Mono config path = 'C:/Program Files/Unity/Editor/Data/MonoBleedingEdge/etc'
Using monoOptions --debugger-agent=transport=dt_socket,embedding=1,server=y,suspend=n,address=127.0.0.1:56676
Begin MonoManager ReloadAssembly
Registering precompiled unity dll's ...
Register platform support module: C:/Program Files/Unity/Editor/Data/PlaybackEngines/WindowsStandaloneSupport/UnityEditor.WindowsStandalone.Extensions.dll
Registered in 0.000874 seconds.
Native extension for WindowsStandalone target not found
Refreshing native plugins compatible for Editor in 39.13 ms, found 3 plugins.
Preloading 0 native plugins for Editor in 0.00 ms.
Invoked RoslynAnalysisRunner static constructor.
RoslynAnalysisRunner will not be running.
RoslynAnalysisRunner has terminated.
Mono: successfully reloaded assembly
- Completed reload, in  0.485 seconds
Platform modules already initialized, skipping
Registering precompiled user dll's ...
Registered in 0.002666 seconds.
Begin MonoManager ReloadAssembly
Symbol file LoadedFromMemory doesn't match image C:\Users\FireyEcho\Documents\Unity Projects\John-Lemon\Library\PackageCache\com.unity.visualscripting@1.8.0\Editor\VisualScripting.Core\Dependencies\YamlDotNet\Unity.VisualScripting.YamlDotNet.dll
Symbol file LoadedFromMemory doesn't match image C:\Users\FireyEcho\Documents\Unity Projects\John-Lemon\Library\PackageCache\com.unity.visualscripting@1.8.0\Editor\VisualScripting.Core\Dependencies\DotNetZip\Unity.VisualScripting.IonicZip.dll
Native extension for WindowsStandalone target not found
Refreshing native plugins compatible for Editor in 0.39 ms, found 3 plugins.
Preloading 0 native plugins for Editor in 0.00 ms.
Invoked RoslynAnalysisRunner static constructor.
RoslynAnalysisRunner will not be running.
RoslynAnalysisRunner has terminated.
Mono: successfully reloaded assembly
- Completed reload, in  0.564 seconds
Platform modules already initialized, skipping
========================================================================
Worker process is ready to serve import requests
Launched and connected shader compiler UnityShaderCompiler.exe after 0.02 seconds
Refreshing native plugins compatible for Editor in 0.35 ms, found 3 plugins.
Preloading 0 native plugins for Editor in 0.00 ms.
Unloading 3222 Unused Serialized files (Serialized files now loaded: 0)
System memory in use before: 192.3 MB.
System memory in use after: 192.5 MB.

Unloading 33 unused Assets to reduce memory usage. Loaded Objects now: 3660.
Total: 1.210900 ms (FindLiveObjects: 0.186000 ms CreateObjectMapping: 0.039900 ms MarkObjects: 0.923200 ms  DeleteObjects: 0.061000 ms)

========================================================================
Received Import Request.
  path: Assets/UnityTechnologies/3DBeginnerTutorialComplete/Scenes/MainScene/LightingData.asset
  artifactKey: Guid(6bea6719f1b1c464d809e29fcfd78bc3) Importer(815301076,1909f56bfc062723c751e8b465ee728b)
Start importing Assets/UnityTechnologies/3DBeginnerTutorialComplete/Scenes/MainScene/LightingData.asset using Guid(6bea6719f1b1c464d809e29fcfd78bc3) Importer(815301076,1909f56bfc062723c751e8b465ee728b)  -> (artifact id: '08b43a8d0619bb727c57d0a58c619e8b') in 0.026401 seconds
  Import took 0.028951 seconds .

========================================================================
Received Import Request.
  Time since last request: 0.000159 seconds.
  path: Assets/UnityTechnologies/3DBeginnerTutorialComplete/Scenes/MainScene/ReflectionProbe-1.exr
  artifactKey: Guid(80b8bfe5c9cf0f040b04a21bcc563d50) Importer(815301076,1909f56bfc062723c751e8b465ee728b)
Start importing Assets/UnityTechnologies/3DBeginnerTutorialComplete/Scenes/MainScene/ReflectionProbe-1.exr using Guid(80b8bfe5c9cf0f040b04a21bcc563d50) Importer(815301076,1909f56bfc062723c751e8b465ee728b)  -> (artifact id: '4f7d429080dc9a6cf3fbc45bfb10ec0f') in 0.053062 seconds
  Import took 0.055507 seconds .

========================================================================
Received Import Request.
  Time since last request: 0.000135 seconds.
  path: Assets/UnityTechnologies/3DBeginnerTutorialComplete/Scenes/MainScene/Main Camera Profile.asset
  artifactKey: Guid(c074e58fec2f9ab44b959cc60944f119) Importer(815301076,1909f56bfc062723c751e8b465ee728b)
Start importing Assets/UnityTechnologies/3DBeginnerTutorialComplete/Scenes/MainScene/Main Camera Profile.asset using Guid(c074e58fec2f9ab44b959cc60944f119) Importer(815301076,1909f56bfc062723c751e8b465ee728b)  -> (artifact id: '1adcf9463d27481cedae140c838a74d0') in 0.017517 seconds
  Import took 0.019982 seconds .

========================================================================
Received Import Request.
  Time since last request: 0.000170 seconds.
  path: Assets/UnityTechnologies/3DBeginnerTutorialComplete/Scenes/MainScene/ReflectionProbe-0.exr
  artifactKey: Guid(3947d6fd098946941b806fee5b308386) Importer(815301076,1909f56bfc062723c751e8b465ee728b)
Start importing Assets/UnityTechnologies/3DBeginnerTutorialComplete/Scenes/MainScene/ReflectionProbe-0.exr using Guid(3947d6fd098946941b806fee5b308386) Importer(815301076,1909f56bfc062723c751e8b465ee728b)  -> (artifact id: '2edc69e3950c2c51130996fc192af3ac') in 0.013268 seconds
  Import took 0.015730 seconds .

========================================================================
Received Import Request.
  Time since last request: 0.000130 seconds.
  path: Assets/UnityTechnologies/3DBeginnerTutorialComplete/Scenes/MainScene/Main Camera Profile.asset
  artifactKey: Guid(c074e58fec2f9ab44b959cc60944f119) Importer(815301076,1909f56bfc062723c751e8b465ee728b)
Start importing Assets/UnityTechnologies/3DBeginnerTutorialComplete/Scenes/MainScene/Main Camera Profile.asset using Guid(c074e58fec2f9ab44b959cc60944f119) Importer(815301076,1909f56bfc062723c751e8b465ee728b)  -> (artifact id: '1adcf9463d27481cedae140c838a74d0') in 0.002020 seconds
  Import took 0.004318 seconds .

========================================================================
Received Import Request.
  Time since last request: 0.000131 seconds.
  path: Assets/UnityTechnologies/3DBeginnerTutorialComplete/Scenes/MainScene/NavMesh.asset
  artifactKey: Guid(1c17d1473df9595419b9463f0b7cdec9) Importer(815301076,1909f56bfc062723c751e8b465ee728b)
Start importing Assets/UnityTechnologies/3DBeginnerTutorialComplete/Scenes/MainScene/NavMesh.asset using Guid(1c17d1473df9595419b9463f0b7cdec9) Importer(815301076,1909f56bfc062723c751e8b465ee728b)  -> (artifact id: '7e6920d4eed3ee8a237b9060939b3aac') in 0.006251 seconds
  Import took 0.008899 seconds .

========================================================================
Received Prepare
Registering precompiled user dll's ...
Registered in 0.002188 seconds.
Begin MonoManager ReloadAssembly
Symbol file LoadedFromMemory doesn't match image C:\Users\FireyEcho\Documents\Unity Projects\John-Lemon\Library\PackageCache\com.unity.visualscripting@1.8.0\Editor\VisualScripting.Core\Dependencies\YamlDotNet\Unity.VisualScripting.YamlDotNet.dll
Symbol file LoadedFromMemory doesn't match image C:\Users\FireyEcho\Documents\Unity Projects\John-Lemon\Library\PackageCache\com.unity.visualscripting@1.8.0\Editor\VisualScripting.Core\Dependencies\DotNetZip\Unity.VisualScripting.IonicZip.dll
Native extension for WindowsStandalone target not found
Refreshing native plugins compatible for Editor in 0.33 ms, found 3 plugins.
Preloading 0 native plugins for Editor in 0.00 ms.
Invoked RoslynAnalysisRunner static constructor.
RoslynAnalysisRunner will not be running.
RoslynAnalysisRunner has terminated.
Mono: successfully reloaded assembly
- Completed reload, in  0.518 seconds
Platform modules already initialized, skipping
Refreshing native plugins compatible for Editor in 0.35 ms, found 3 plugins.
Preloading 0 native plugins for Editor in 0.00 ms.
Unloading 3171 Unused Serialized files (Serialized files now loaded: 0)
System memory in use before: 192.0 MB.
System memory in use after: 192.2 MB.

Unloading 16 unused Assets to reduce memory usage. Loaded Objects now: 3707.
Total: 1.152800 ms (FindLiveObjects: 0.146300 ms CreateObjectMapping: 0.040800 ms MarkObjects: 0.949900 ms  DeleteObjects: 0.015200 ms)

========================================================================
Received Import Request.
  Time since last request: 13.472690 seconds.
  path: Assets/UnityTechnologies/3DBeginnerTutorialComplete/Scenes/MainScene.unity
  artifactKey: Guid(139fe7247bf905647981ad2d31d0f39e) Importer(815301076,1909f56bfc062723c751e8b465ee728b)
Start importing Assets/UnityTechnologies/3DBeginnerTutorialComplete/Scenes/MainScene.unity using Guid(139fe7247bf905647981ad2d31d0f39e) Importer(815301076,1909f56bfc062723c751e8b465ee728b)  -> (artifact id: 'a83e4a3dcee8faf6f16e1f8125533573') in 0.015637 seconds
  Import took 0.018250 seconds .

========================================================================
Received Import Request.
  Time since last request: 2.796127 seconds.
  path: Assets/UnityTechnologies/3DBeginnerTutorialComplete/Scenes/MainScene
  artifactKey: Guid(5e00193d0c1c4a84ba2a9d786a83e837) Importer(815301076,1909f56bfc062723c751e8b465ee728b)
Start importing Assets/UnityTechnologies/3DBeginnerTutorialComplete/Scenes/MainScene using Guid(5e00193d0c1c4a84ba2a9d786a83e837) Importer(815301076,1909f56bfc062723c751e8b465ee728b)  -> (artifact id: '83c512f3bca1a67341f4db70a340de7b') in 0.007617 seconds
  Import took 0.010663 seconds .

========================================================================
Received Import Request.
  Time since last request: 10.889494 seconds.
  path: Assets/TutorialInfo/Scripts
  artifactKey: Guid(5a9bcd70e6a4b4b05badaa72e827d8e0) Importer(815301076,1909f56bfc062723c751e8b465ee728b)
Start importing Assets/TutorialInfo/Scripts using Guid(5a9bcd70e6a4b4b05badaa72e827d8e0) Importer(815301076,1909f56bfc062723c751e8b465ee728b)  -> (artifact id: '684152f20ba2ab26920d1b9e68e36da9') in 0.012331 seconds
  Import took 0.015276 seconds .

========================================================================
Received Prepare
Registering precompiled user dll's ...
Registered in 0.002450 seconds.
Begin MonoManager ReloadAssembly
Symbol file LoadedFromMemory doesn't match image C:\Users\FireyEcho\Documents\Unity Projects\John-Lemon\Library\PackageCache\com.unity.visualscripting@1.8.0\Editor\VisualScripting.Core\Dependencies\YamlDotNet\Unity.VisualScripting.YamlDotNet.dll
Symbol file LoadedFromMemory doesn't match image C:\Users\FireyEcho\Documents\Unity Projects\John-Lemon\Library\PackageCache\com.unity.visualscripting@1.8.0\Editor\VisualScripting.Core\Dependencies\DotNetZip\Unity.VisualScripting.IonicZip.dll
Native extension for WindowsStandalone target not found
Refreshing native plugins compatible for Editor in 0.47 ms, found 3 plugins.
Preloading 0 native plugins for Editor in 0.00 ms.
Invoked RoslynAnalysisRunner static constructor.
RoslynAnalysisRunner will not be running.
RoslynAnalysisRunner has terminated.
Mono: successfully reloaded assembly
- Completed reload, in  0.532 seconds
Platform modules already initialized, skipping
Refreshing native plugins compatible for Editor in 0.35 ms, found 3 plugins.
Preloading 0 native plugins for Editor in 0.00 ms.
Unloading 3169 Unused Serialized files (Serialized files now loaded: 0)
System memory in use before: 192.0 MB.
System memory in use after: 192.2 MB.

Unloading 17 unused Assets to reduce memory usage. Loaded Objects now: 3721.
Total: 1.183600 ms (FindLiveObjects: 0.126900 ms CreateObjectMapping: 0.037600 ms MarkObjects: 1.000700 ms  DeleteObjects: 0.017800 ms)

========================================================================
Received Prepare
Registering precompiled user dll's ...
Registered in 0.002351 seconds.
Begin MonoManager ReloadAssembly
Symbol file LoadedFromMemory doesn't match image C:\Users\FireyEcho\Documents\Unity Projects\John-Lemon\Library\PackageCache\com.unity.visualscripting@1.8.0\Editor\VisualScripting.Core\Dependencies\YamlDotNet\Unity.VisualScripting.YamlDotNet.dll
Symbol file LoadedFromMemory doesn't match image C:\Users\FireyEcho\Documents\Unity Projects\John-Lemon\Library\PackageCache\com.unity.visualscripting@1.8.0\Editor\VisualScripting.Core\Dependencies\DotNetZip\Unity.VisualScripting.IonicZip.dll
Native extension for WindowsStandalone target not found
Refreshing native plugins compatible for Editor in 0.46 ms, found 3 plugins.
Preloading 0 native plugins for Editor in 0.00 ms.
Invoked RoslynAnalysisRunner static constructor.
RoslynAnalysisRunner will not be running.
RoslynAnalysisRunner has terminated.
Mono: successfully reloaded assembly
- Completed reload, in  0.524 seconds
Platform modules already initialized, skipping
Refreshing native plugins compatible for Editor in 0.38 ms, found 3 plugins.
Preloading 0 native plugins for Editor in 0.00 ms.
Unloading 3169 Unused Serialized files (Serialized files now loaded: 0)
System memory in use before: 192.0 MB.
System memory in use after: 192.2 MB.

Unloading 16 unused Assets to reduce memory usage. Loaded Objects now: 3736.
Total: 1.198800 ms (FindLiveObjects: 0.144700 ms CreateObjectMapping: 0.048600 ms MarkObjects: 0.989200 ms  DeleteObjects: 0.015100 ms)

AssetImportWorkerClient::OnTransportError - code=2 error=End of file
